[0.350s] Invoking command in '/home/tsuka28/ros2_ws/src/mypkg': PYTHONPATH=/home/tsuka28/ros2_ws/src/mypkg/build/mypkg/prefix_override:/usr/lib/python3/dist-packages/colcon_core/task/python/colcon_distutils_commands:/home/tsuka28/ros2_ws/src/mypkg/install/mypkg/lib/python3.8/site-packages:${PYTHONPATH} /usr/bin/python3 -W ignore:setup.py install is deprecated setup.py egg_info --egg-base build/mypkg build --build-base /home/tsuka28/ros2_ws/src/mypkg/build/mypkg/build install --record /home/tsuka28/ros2_ws/src/mypkg/build/mypkg/install.log --install-scripts $base/lib/mypkg --single-version-externally-managed install_data
[0.460s] running egg_info
[0.460s] creating build/mypkg/mypkg.egg-info
[0.460s] writing build/mypkg/mypkg.egg-info/PKG-INFO
[0.460s] writing dependency_links to build/mypkg/mypkg.egg-info/dependency_links.txt
[0.461s] writing entry points to build/mypkg/mypkg.egg-info/entry_points.txt
[0.461s] writing requirements to build/mypkg/mypkg.egg-info/requires.txt
[0.461s] writing top-level names to build/mypkg/mypkg.egg-info/top_level.txt
[0.461s] writing manifest file 'build/mypkg/mypkg.egg-info/SOURCES.txt'
[0.481s] reading manifest file 'build/mypkg/mypkg.egg-info/SOURCES.txt'
[0.481s] writing manifest file 'build/mypkg/mypkg.egg-info/SOURCES.txt'
[0.481s] running build
[0.481s] running build_py
[0.482s] creating /home/tsuka28/ros2_ws/src/mypkg/build/mypkg/build
[0.482s] creating /home/tsuka28/ros2_ws/src/mypkg/build/mypkg/build/lib
[0.482s] creating /home/tsuka28/ros2_ws/src/mypkg/build/mypkg/build/lib/mypkg
[0.482s] copying mypkg/listener.py -> /home/tsuka28/ros2_ws/src/mypkg/build/mypkg/build/lib/mypkg
[0.482s] copying mypkg/talker.py -> /home/tsuka28/ros2_ws/src/mypkg/build/mypkg/build/lib/mypkg
[0.482s] copying mypkg/__init__.py -> /home/tsuka28/ros2_ws/src/mypkg/build/mypkg/build/lib/mypkg
[0.482s] running install
[0.483s] running install_lib
[0.483s] creating /home/tsuka28/ros2_ws/src/mypkg/install/mypkg/lib/python3.8/site-packages/mypkg
[0.484s] copying /home/tsuka28/ros2_ws/src/mypkg/build/mypkg/build/lib/mypkg/listener.py -> /home/tsuka28/ros2_ws/src/mypkg/install/mypkg/lib/python3.8/site-packages/mypkg
[0.484s] copying /home/tsuka28/ros2_ws/src/mypkg/build/mypkg/build/lib/mypkg/talker.py -> /home/tsuka28/ros2_ws/src/mypkg/install/mypkg/lib/python3.8/site-packages/mypkg
[0.484s] copying /home/tsuka28/ros2_ws/src/mypkg/build/mypkg/build/lib/mypkg/__init__.py -> /home/tsuka28/ros2_ws/src/mypkg/install/mypkg/lib/python3.8/site-packages/mypkg
[0.484s] byte-compiling /home/tsuka28/ros2_ws/src/mypkg/install/mypkg/lib/python3.8/site-packages/mypkg/listener.py to listener.cpython-38.pyc
[0.485s] byte-compiling /home/tsuka28/ros2_ws/src/mypkg/install/mypkg/lib/python3.8/site-packages/mypkg/talker.py to talker.cpython-38.pyc
[0.485s] byte-compiling /home/tsuka28/ros2_ws/src/mypkg/install/mypkg/lib/python3.8/site-packages/mypkg/__init__.py to __init__.cpython-38.pyc
[0.485s] running install_data
[0.485s] creating /home/tsuka28/ros2_ws/src/mypkg/install/mypkg/share/ament_index
[0.486s] creating /home/tsuka28/ros2_ws/src/mypkg/install/mypkg/share/ament_index/resource_index
[0.486s] creating /home/tsuka28/ros2_ws/src/mypkg/install/mypkg/share/ament_index/resource_index/packages
[0.486s] copying resource/mypkg -> /home/tsuka28/ros2_ws/src/mypkg/install/mypkg/share/ament_index/resource_index/packages
[0.486s] copying package.xml -> /home/tsuka28/ros2_ws/src/mypkg/install/mypkg/share/mypkg
[0.486s] creating /home/tsuka28/ros2_ws/src/mypkg/install/mypkg/share/mypkg/launch
[0.486s] copying launch/talk_listen.launch.py -> /home/tsuka28/ros2_ws/src/mypkg/install/mypkg/share/mypkg/launch
[0.486s] running install_egg_info
[0.487s] Copying build/mypkg/mypkg.egg-info to /home/tsuka28/ros2_ws/src/mypkg/install/mypkg/lib/python3.8/site-packages/mypkg-0.0.0-py3.8.egg-info
[0.488s] running install_scripts
[0.498s] Installing listener script to /home/tsuka28/ros2_ws/src/mypkg/install/mypkg/lib/mypkg
[0.498s] Installing talker script to /home/tsuka28/ros2_ws/src/mypkg/install/mypkg/lib/mypkg
[0.498s] writing list of installed files to '/home/tsuka28/ros2_ws/src/mypkg/build/mypkg/install.log'
[0.514s] Invoked command in '/home/tsuka28/ros2_ws/src/mypkg' returned '0': PYTHONPATH=/home/tsuka28/ros2_ws/src/mypkg/build/mypkg/prefix_override:/usr/lib/python3/dist-packages/colcon_core/task/python/colcon_distutils_commands:/home/tsuka28/ros2_ws/src/mypkg/install/mypkg/lib/python3.8/site-packages:${PYTHONPATH} /usr/bin/python3 -W ignore:setup.py install is deprecated setup.py egg_info --egg-base build/mypkg build --build-base /home/tsuka28/ros2_ws/src/mypkg/build/mypkg/build install --record /home/tsuka28/ros2_ws/src/mypkg/build/mypkg/install.log --install-scripts $base/lib/mypkg --single-version-externally-managed install_data
